<?xml version="1.0" encoding="UTF-8"?>
<coverage generated="1666993610997" clover="3.2.0">
  <project timestamp="1666993610997" name="All files">
    <metrics statements="14" coveredstatements="2" conditionals="0" coveredconditionals="0" methods="3" coveredmethods="1" elements="17" coveredelements="3" complexity="0" loc="14" ncloc="14" packages="1" files="2" classes="2"/>
    <file name="App.tsx" path="C:\Users\kotttali\pet\diploma_react\kreative\src\App.tsx">
      <metrics statements="10" coveredstatements="2" conditionals="0" coveredconditionals="0" methods="3" coveredmethods="1"/>
      <line num="21" count="1" type="stmt"/>
      <line num="23" count="2" type="stmt"/>
      <line num="25" count="0" type="stmt"/>
      <line num="33" count="0" type="stmt"/>
      <line num="35" count="0" type="stmt"/>
      <line num="36" count="0" type="stmt"/>
      <line num="39" count="0" type="stmt"/>
      <line num="40" count="0" type="stmt"/>
      <line num="41" count="0" type="stmt"/>
      <line num="44" count="0" type="stmt"/>
    </file>
    <file name="index.tsx" path="C:\Users\kotttali\pet\diploma_react\kreative\src\index.tsx">
      <metrics statements="4" coveredstatements="0" conditionals="0" coveredconditionals="0" methods="0" coveredmethods="0"/>
      <line num="11" count="0" type="stmt"/>
      <line num="12" count="0" type="stmt"/>
      <line num="14" count="0" type="stmt"/>
      <line num="27" count="0" type="stmt"/>
    </file>
  </project>
</coverage>
