{"C:\\Users\\kotttali\\pet\\diploma_react\\kreative\\src\\App.tsx": {"path":"C:\\Users\\kotttali\\pet\\diploma_react\\kreative\\src\\App.tsx","statementMap":{"0":{"start":{"line":21,"column":12},"end":{"line":60,"column":1}},"1":{"start":{"line":23,"column":21},"end":{"line":23,"column":34}},"2":{"start":{"line":25,"column":24},"end":{"line":31,"column":5}},"3":{"start":{"line":33,"column":17},"end":{"line":33,"column":22}},"4":{"start":{"line":35,"column":4},"end":{"line":37,"column":19}},"5":{"start":{"line":36,"column":8},"end":{"line":36,"column":35}},"6":{"start":{"line":39,"column":4},"end":{"line":42,"column":19}},"7":{"start":{"line":40,"column":8},"end":{"line":40,"column":43}},"8":{"start":{"line":41,"column":8},"end":{"line":41,"column":35}},"9":{"start":{"line":44,"column":4},"end":{"line":59,"column":6}}},"fnMap":{"0":{"name":"(anonymous_0)","decl":{"start":{"line":21,"column":12},"end":{"line":21,"column":13}},"loc":{"start":{"line":21,"column":18},"end":{"line":60,"column":1}},"line":21},"1":{"name":"(anonymous_1)","decl":{"start":{"line":35,"column":14},"end":{"line":35,"column":15}},"loc":{"start":{"line":35,"column":20},"end":{"line":37,"column":5}},"line":35},"2":{"name":"(anonymous_2)","decl":{"start":{"line":39,"column":14},"end":{"line":39,"column":15}},"loc":{"start":{"line":39,"column":20},"end":{"line":42,"column":5}},"line":39}},"branchMap":{},"s":{"0":1,"1":2,"2":0,"3":0,"4":0,"5":0,"6":0,"7":0,"8":0,"9":0},"f":{"0":2,"1":0,"2":0},"b":{},"_coverageSchema":"1a1c01bbd47fc00a2c39e90264f33305004495a9","hash":"9b536fede515e5f6c8ef0875f7c5025b54e0c78e"}
,"C:\\Users\\kotttali\\pet\\diploma_react\\kreative\\src\\index.tsx": {"path":"C:\\Users\\kotttali\\pet\\diploma_react\\kreative\\src\\index.tsx","statementMap":{"0":{"start":{"line":11,"column":20},"end":{"line":11,"column":51}},"1":{"start":{"line":12,"column":13},"end":{"line":12,"column":37}},"2":{"start":{"line":14,"column":0},"end":{"line":22,"column":2}},"3":{"start":{"line":27,"column":0},"end":{"line":27,"column":18}}},"fnMap":{},"branchMap":{},"s":{"0":0,"1":0,"2":0,"3":0},"f":{},"b":{}}
}
